<?xml version="1.0" encoding="UTF-8"?>
<!-- Generated by org.testng.reporters.JUnitReportReporter -->
<testsuite hostname="DIN13002093" name="picsapplication.Pics" tests="1" failures="0" timestamp="7 May 2018 09:03:44 GMT" time="13.145" errors="0">
  <testcase name="Login" time="13.145" classname="picsapplication.Pics"/>
</testsuite> <!-- picsapplication.Pics -->
