<?xml version="1.0" encoding="UTF-8"?>
<!-- Generated by org.testng.reporters.JUnitReportReporter -->
<testsuite hostname="DIN13002093" name="picsapplication.PicsTest" tests="2" failures="0" timestamp="9 May 2018 08:35:22 GMT" time="22.089" errors="0">
  <testcase name="Login" time="5.677" classname="picsapplication.PicsTest"/>
  <testcase name="Chrome" time="16.412" classname="picsapplication.PicsTest"/>
</testsuite> <!-- picsapplication.PicsTest -->
